# JRE version: OpenJDK Runtime Environment Temurin-17.0.3+7 (17.0.3+7) (build 17.0.3+7)
# Java VM: OpenJDK 64-Bit Server VM Temurin-17.0.3+7 (17.0.3+7, mixed mode, emulated-client, tiered, compressed oops, compressed class ptrs, g1 gc, windows-amd64)
GC Precious Log:
 CPUs: 4 total, 4 available
 Memory: 4011M
 Large Page Support: Disabled
 NUMA Support: Disabled
 Compressed Oops: Enabled (32-bit)
 Heap Region Size: 1M
 Heap Min Capacity: 8M
 Heap Initial Capacity: 64M
 Heap Max Capacity: 1004M
 Pre-touch: Disabled
 Parallel Workers: 4
 Concurrent Workers: 1
 Concurrent Refinement Workers: 4
 Periodic GC: Disabled
Heap:
 garbage-first heap   total 49152K, used 26279K [0x00000000c1400000, 0x0000000100000000)
  region size 1024K, 3 young (3072K), 2 survivors (2048K)
 Metaspace       used 51720K, committed 52096K, reserved 1097728K
  class space    used 6839K, committed 7040K, reserved 1048576K
GC Heap History (20 events):
Event: 5.313 GC heap before
{Heap before GC invocations=8 (full 0):
 garbage-first heap   total 40960K, used 27630K [0x00000000c1400000, 0x0000000100000000)
  region size 1024K, 19 young (19456K), 3 survivors (3072K)
 Metaspace       used 31239K, committed 31616K, reserved 1081344K
  class space    used 3826K, committed 4032K, reserved 1048576K
}
Event: 5.318 GC heap after
{Heap after GC invocations=9 (full 0):
 garbage-first heap   total 40960K, used 13720K [0x00000000c1400000, 0x0000000100000000)
  region size 1024K, 3 young (3072K), 3 survivors (3072K)
 Metaspace       used 31239K, committed 31616K, reserved 1081344K
  class space    used 3826K, committed 4032K, reserved 1048576K
}
Event: 5.962 GC heap before
{Heap before GC invocations=9 (full 0):
 garbage-first heap   total 40960K, used 28056K [0x00000000c1400000, 0x0000000100000000)
  region size 1024K, 18 young (18432K), 3 survivors (3072K)
 Metaspace       used 33153K, committed 33472K, reserved 1081344K
  class space    used 4149K, committed 4288K, reserved 1048576K
}
Event: 5.969 GC heap after
{Heap after GC invocations=10 (full 0):
 garbage-first heap   total 40960K, used 15350K [0x00000000c1400000, 0x0000000100000000)
  region size 1024K, 3 young (3072K), 3 survivors (3072K)
 Metaspace       used 33153K, committed 33472K, reserved 1081344K
  class space    used 4149K, committed 4288K, reserved 1048576K
}
Event: 6.775 GC heap before
{Heap before GC invocations=10 (full 0):
 garbage-first heap   total 40960K, used 28662K [0x00000000c1400000, 0x0000000100000000)
  region size 1024K, 17 young (17408K), 3 survivors (3072K)
 Metaspace       used 35269K, committed 35648K, reserved 1081344K
  class space    used 4380K, committed 4544K, reserved 1048576K
}
Event: 6.781 GC heap after
{Heap after GC invocations=11 (full 0):
 garbage-first heap   total 49152K, used 17229K [0x00000000c1400000, 0x0000000100000000)
  region size 1024K, 2 young (2048K), 2 survivors (2048K)
 Metaspace       used 35269K, committed 35648K, reserved 1081344K
  class space    used 4380K, committed 4544K, reserved 1048576K
}
Event: 7.253 GC heap before
{Heap before GC invocations=11 (full 0):
 garbage-first heap   total 49152K, used 24397K [0x00000000c1400000, 0x0000000100000000)
  region size 1024K, 11 young (11264K), 2 survivors (2048K)
 Metaspace       used 35810K, committed 36096K, reserved 1081344K
  class space    used 4454K, committed 4608K, reserved 1048576K
}
Event: 7.261 GC heap after
{Heap after GC invocations=12 (full 0):
 garbage-first heap   total 49152K, used 17272K [0x00000000c1400000, 0x0000000100000000)
  region size 1024K, 2 young (2048K), 2 survivors (2048K)
 Metaspace       used 35810K, committed 36096K, reserved 1081344K
  class space    used 4454K, committed 4608K, reserved 1048576K
}
Event: 8.357 GC heap before
{Heap before GC invocations=13 (full 0):
 garbage-first heap   total 49152K, used 35704K [0x00000000c1400000, 0x0000000100000000)
  region size 1024K, 21 young (21504K), 2 survivors (2048K)
 Metaspace       used 39078K, committed 39424K, reserved 1089536K
  class space    used 4904K, committed 5056K, reserved 1048576K
}
Event: 8.362 GC heap after
{Heap after GC invocations=14 (full 0):
 garbage-first heap   total 49152K, used 18625K [0x00000000c1400000, 0x0000000100000000)
  region size 1024K, 2 young (2048K), 2 survivors (2048K)
 Metaspace       used 39078K, committed 39424K, reserved 1089536K
  class space    used 4904K, committed 5056K, reserved 1048576K
}
Event: 11.762 GC heap before
{Heap before GC invocations=14 (full 0):
 garbage-first heap   total 49152K, used 37057K [0x00000000c1400000, 0x0000000100000000)
  region size 1024K, 20 young (20480K), 2 survivors (2048K)
 Metaspace       used 44577K, committed 45056K, reserved 1089536K
  class space    used 5771K, committed 6016K, reserved 1048576K
}
Event: 11.767 GC heap after
{Heap after GC invocations=15 (full 0):
 garbage-first heap   total 49152K, used 19692K [0x00000000c1400000, 0x0000000100000000)
  region size 1024K, 3 young (3072K), 3 survivors (3072K)
 Metaspace       used 44577K, committed 45056K, reserved 1089536K
  class space    used 5771K, committed 6016K, reserved 1048576K
}
Event: 15.188 GC heap before
{Heap before GC invocations=15 (full 0):
 garbage-first heap   total 49152K, used 36076K [0x00000000c1400000, 0x0000000100000000)
  region size 1024K, 20 young (20480K), 3 survivors (3072K)
 Metaspace       used 48584K, committed 49024K, reserved 1097728K
  class space    used 6344K, committed 6592K, reserved 1048576K
}
Event: 15.194 GC heap after
{Heap after GC invocations=16 (full 0):
 garbage-first heap   total 49152K, used 20949K [0x00000000c1400000, 0x0000000100000000)
  region size 1024K, 3 young (3072K), 3 survivors (3072K)
 Metaspace       used 48584K, committed 49024K, reserved 1097728K
  class space    used 6344K, committed 6592K, reserved 1048576K
}
Event: 16.189 GC heap before
{Heap before GC invocations=16 (full 0):
 garbage-first heap   total 49152K, used 37333K [0x00000000c1400000, 0x0000000100000000)
  region size 1024K, 19 young (19456K), 3 survivors (3072K)
 Metaspace       used 49253K, committed 49664K, reserved 1097728K
  class space    used 6450K, committed 6656K, reserved 1048576K
}
Event: 16.199 GC heap after
{Heap after GC invocations=17 (full 0):
 garbage-first heap   total 49152K, used 22845K [0x00000000c1400000, 0x0000000100000000)
  region size 1024K, 3 young (3072K), 3 survivors (3072K)
 Metaspace       used 49253K, committed 49664K, reserved 1097728K
  class space    used 6450K, committed 6656K, reserved 1048576K
}
Event: 21.679 GC heap before
{Heap before GC invocations=17 (full 0):
 garbage-first heap   total 49152K, used 37181K [0x00000000c1400000, 0x0000000100000000)
  region size 1024K, 17 young (17408K), 3 survivors (3072K)
 Metaspace       used 50318K, committed 50752K, reserved 1097728K
  class space    used 6628K, committed 6848K, reserved 1048576K
}
Event: 21.686 GC heap after
{Heap after GC invocations=18 (full 0):
 garbage-first heap   total 49152K, used 24893K [0x00000000c1400000, 0x0000000100000000)
  region size 1024K, 2 young (2048K), 2 survivors (2048K)
 Metaspace       used 50318K, committed 50752K, reserved 1097728K
  class space    used 6628K, committed 6848K, reserved 1048576K
}
Event: 22.343 GC heap before
{Heap before GC invocations=18 (full 0):
 garbage-first heap   total 49152K, used 38205K [0x00000000c1400000, 0x0000000100000000)
  region size 1024K, 15 young (15360K), 2 survivors (2048K)
 Metaspace       used 51716K, committed 52096K, reserved 1097728K
  class space    used 6842K, committed 7040K, reserved 1048576K
}
Event: 22.348 GC heap after
{Heap after GC invocations=19 (full 0):
 garbage-first heap   total 49152K, used 26279K [0x00000000c1400000, 0x0000000100000000)
  region size 1024K, 2 young (2048K), 2 survivors (2048K)
 Metaspace       used 51716K, committed 52096K, reserved 1097728K
  class space    used 6842K, committed 7040K, reserved 1048576K
}

